To honour the JVM settings for this build a single-use Daemon process will be forked. For more on this, please refer to https://docs.gradle.org/8.13/userguide/gradle_daemon.html#sec:disabling_the_daemon in the Gradle documentation.
Daemon will be stopped at the end of the build 
> Task :gradle-plugin:settings-plugin:checkKotlinGradlePluginConfigurationErrors SKIPPED
> Task :gradle-plugin:shared:checkKotlinGradlePluginConfigurationErrors SKIPPED
> Task :gradle-plugin:shared:compileKotlin UP-TO-DATE
> Task :gradle-plugin:shared:compileJava NO-SOURCE
> Task :gradle-plugin:shared:processResources NO-SOURCE
> Task :gradle-plugin:shared:classes UP-TO-DATE
> Task :gradle-plugin:shared:jar UP-TO-DATE
> Task :gradle-plugin:settings-plugin:compileKotlin UP-TO-DATE
> Task :gradle-plugin:settings-plugin:compileJava NO-SOURCE
> Task :gradle-plugin:settings-plugin:pluginDescriptors UP-TO-DATE
> Task :gradle-plugin:settings-plugin:processResources UP-TO-DATE
> Task :gradle-plugin:settings-plugin:classes UP-TO-DATE
> Task :gradle-plugin:settings-plugin:jar UP-TO-DATE
> Task :gradle-plugin:react-native-gradle-plugin:checkKotlinGradlePluginConfigurationErrors SKIPPED
> Task :gradle-plugin:react-native-gradle-plugin:compileKotlin UP-TO-DATE
> Task :gradle-plugin:react-native-gradle-plugin:compileJava NO-SOURCE
> Task :gradle-plugin:react-native-gradle-plugin:pluginDescriptors UP-TO-DATE
> Task :gradle-plugin:react-native-gradle-plugin:processResources UP-TO-DATE
> Task :gradle-plugin:react-native-gradle-plugin:classes UP-TO-DATE
> Task :gradle-plugin:react-native-gradle-plugin:jar UP-TO-DATE

> Configure project :react-native-firebase_app
:react-native-firebase_app package.json found at C:\Users\USER\Hackathon\donki-wonki\app\node_modules\@react-native-firebase\app\package.json
:react-native-firebase_app:firebase.bom using default value: 34.8.0
:react-native-firebase_app:play.play-services-auth using default value: 21.4.0
:react-native-firebase_app package.json found at C:\Users\USER\Hackathon\donki-wonki\app\node_modules\@react-native-firebase\app\package.json
:react-native-firebase_app:version set from package.json: 23.8.6 (23,8,6 - 23008006)
:react-native-firebase_app:android.compileSdk using custom value: 36
:react-native-firebase_app:android.targetSdk using custom value: 36
:react-native-firebase_app:android.minSdk using custom value: 24
:react-native-firebase_app:reactNativeAndroidDir C:\Users\USER\Hackathon\donki-wonki\app\node_modules\react-native

> Configure project :react-native-firebase_auth
:react-native-firebase_auth package.json found at C:\Users\USER\Hackathon\donki-wonki\app\node_modules\@react-native-firebase\auth\package.json
:react-native-firebase_app package.json found at C:\Users\USER\Hackathon\donki-wonki\app\node_modules\@react-native-firebase\app\package.json
:react-native-firebase_auth:firebase.bom using default value: 34.8.0
:react-native-firebase_auth package.json found at C:\Users\USER\Hackathon\donki-wonki\app\node_modules\@react-native-firebase\auth\package.json
:react-native-firebase_auth:version set from package.json: 23.8.6 (23,8,6 - 23008006)
:react-native-firebase_auth:android.compileSdk using custom value: 36
:react-native-firebase_auth:android.targetSdk using custom value: 36
:react-native-firebase_auth:android.minSdk using custom value: 24
:react-native-firebase_auth:reactNativeAndroidDir C:\Users\USER\Hackathon\donki-wonki\app\node_modules\react-native

> Configure project :react-native-firebase_firestore
:react-native-firebase_firestore package.json found at C:\Users\USER\Hackathon\donki-wonki\app\node_modules\@react-native-firebase\firestore\package.json
:react-native-firebase_app package.json found at C:\Users\USER\Hackathon\donki-wonki\app\node_modules\@react-native-firebase\app\package.json
:react-native-firebase_firestore:firebase.bom using default value: 34.8.0
:react-native-firebase_firestore package.json found at C:\Users\USER\Hackathon\donki-wonki\app\node_modules\@react-native-firebase\firestore\package.json
:react-native-firebase_firestore:version set from package.json: 23.8.6 (23,8,6 - 23008006)
:react-native-firebase_firestore:android.compileSdk using custom value: 36
:react-native-firebase_firestore:android.targetSdk using custom value: 36
:react-native-firebase_firestore:android.minSdk using custom value: 24
:react-native-firebase_firestore:reactNativeAndroidDir C:\Users\USER\Hackathon\donki-wonki\app\node_modules\react-native

> Configure project :react-native-firebase_messaging
:react-native-firebase_messaging package.json found at C:\Users\USER\Hackathon\donki-wonki\app\node_modules\@react-native-firebase\messaging\package.json
:react-native-firebase_app package.json found at C:\Users\USER\Hackathon\donki-wonki\app\node_modules\@react-native-firebase\app\package.json
:react-native-firebase_messaging:firebase.bom using default value: 34.8.0
:react-native-firebase_messaging package.json found at C:\Users\USER\Hackathon\donki-wonki\app\node_modules\@react-native-firebase\messaging\package.json
:react-native-firebase_messaging:version set from package.json: 23.8.6 (23,8,6 - 23008006)
:react-native-firebase_messaging:android.compileSdk using custom value: 36
:react-native-firebase_messaging:android.targetSdk using custom value: 36
:react-native-firebase_messaging:android.minSdk using custom value: 24
:react-native-firebase_messaging:reactNativeAndroidDir C:\Users\USER\Hackathon\donki-wonki\app\node_modules\react-native

> Task :app:checkKotlinGradlePluginConfigurationErrors SKIPPED
> Task :app:generateAutolinkingNewArchitectureFiles
> Task :app:generateAutolinkingPackageList
> Task :app:generateCodegenSchemaFromJavaScript SKIPPED
> Task :app:generateCodegenArtifactsFromSchema SKIPPED
> Task :app:generateReactNativeEntryPoint
> Task :react-native-firebase_app:preBuild UP-TO-DATE
> Task :react-native-firebase_auth:preBuild UP-TO-DATE
> Task :react-native-firebase_firestore:preBuild UP-TO-DATE
> Task :react-native-firebase_messaging:preBuild UP-TO-DATE
> Task :react-native-safe-area-context:generateCodegenSchemaFromJavaScript
> Task :react-native-safe-area-context:generateCodegenArtifactsFromSchema
> Task :react-native-safe-area-context:preBuild
> Task :app:preBuild
> Task :app:preDebugBuild
> Task :app:generateDebugBuildConfig
> Task :react-native-firebase_app:preDebugBuild UP-TO-DATE
> Task :react-native-firebase_auth:preDebugBuild UP-TO-DATE
> Task :react-native-firebase_firestore:preDebugBuild UP-TO-DATE
> Task :react-native-firebase_app:writeDebugAarMetadata
> Task :react-native-firebase_auth:writeDebugAarMetadata
> Task :react-native-firebase_messaging:preDebugBuild UP-TO-DATE
> Task :react-native-firebase_firestore:writeDebugAarMetadata
> Task :react-native-safe-area-context:preDebugBuild
> Task :react-native-firebase_messaging:writeDebugAarMetadata
> Task :react-native-safe-area-context:writeDebugAarMetadata
> Task :app:generateDebugResValues
> Task :app:processDebugGoogleServices FAILED
> Task :app:checkDebugAarMetadata

[Incubating] Problems report is available at: file:///C:/Users/USER/Hackathon/donki-wonki/app/android/build/reports/problems/problems-report.html
.\gradlew.bat : 
At line:1 char:13
+ cd android; .\gradlew.bat 
app:installDebug 2>&1 | 
Out-File -FilePath  ...
+             ~~~~~~~~~~~~~~
~~~~~~~~~~~~~~~~~~~~~
    + CategoryInfo          
    : NotSpecified: (:Stri  
  ng) [], RemoteException
    + FullyQualifiedErrorId 
    : NativeCommandError
 
FAILURE: Build failed with 
an exception.

* What went wrong:
Execution failed for task ':
app:processDebugGoogleServic
es'.
> File google-services.json 
is missing. 
  The Google Services 
Plugin cannot function 
without it. 
  Searched locations: C:\Use
rs\USER\Hackathon\donki-wonk
i\app\android\app\src\debug\
google-services.json, C:\Use
rs\USER\Hackathon\donki-wonk
i\app\android\app\src\debug\
google-services.json, C:\Use
rs\USER\Hackathon\donki-wonk
i\app\android\app\src\google
-services.json, C:\Users\USE
R\Hackathon\donki-wonki\app\
android\app\src\debug\google
-services.json, C:\Users\USE
R\Hackathon\donki-wonki\app\
android\app\src\Debug\google
-services.json, C:\Users\USE
R\Hackathon\donki-wonki\app\
android\app\google-services.
json

* Try:
> Run with --stacktrace 
option to get the stack 
trace.
> Run with --info or 
--debug option to get more 
log output.
> Run with --scan to get 
full insights.
> Get more help at 
https://help.gradle.org.

Deprecated Gradle features were used in this build, making it incompatible with Gradle 9.0.

You can use '--warning-mode all' to show the individual deprecation warnings and determine if they come from your own scripts or plugins.

For more on this, please refer to https://docs.gradle.org/8.13/userguide/command_line_interface.html#sec:command_line_warnings in the Gradle documentation.

BUILD FAILED in 29s
24 actionable tasks: 14 executed, 10 up-to-date
